<?xml version="1.0" encoding="UTF-8"?>
<testsuite name="ohtuesimerkki.StatisticsTest" tests="5" skipped="0" failures="0" errors="0" timestamp="2020-02-23T11:43:24" hostname="lx9-fuxi003" time="0.01">
  <properties/>
  <testcase name="searchByTeam" classname="ohtuesimerkki.StatisticsTest" time="0.007"/>
  <testcase name="playerSearch" classname="ohtuesimerkki.StatisticsTest" time="0.0"/>
  <testcase name="topScorer" classname="ohtuesimerkki.StatisticsTest" time="0.0"/>
  <testcase name="nonPlayerSearch" classname="ohtuesimerkki.StatisticsTest" time="0.0"/>
  <testcase name="topScorersNull" classname="ohtuesimerkki.StatisticsTest" time="0.0"/>
  <system-out><![CDATA[]]></system-out>
  <system-err><![CDATA[]]></system-err>
</testsuite>
